2023-Oct-02 01:44:23 - 
****************************************************************************************************************************

2023-Oct-02 01:44:23 - Fetching from https://superpetmo.com/product-category/cats/ starting
2023-Oct-02 01:44:23 - 
****************************************************************************************************************************

2023-Oct-02 01:44:23 - Number of pages to be fetched: 6
2023-Oct-02 01:44:23 - 
2023-Oct-02 01:44:23 - Page no. 1 fetching..
2023-Oct-02 01:44:23 - ----> Names fetched !
2023-Oct-02 01:44:23 - ----> Prices fetched !
2023-Oct-02 01:44:23 - ----> Links fetched !
2023-Oct-02 01:44:23 - 
2023-Oct-02 01:44:23 - Page no. 2 fetching..
2023-Oct-02 01:44:23 - ----> Names fetched !
2023-Oct-02 01:44:23 - ----> Prices fetched !
2023-Oct-02 01:44:23 - ----> Links fetched !
2023-Oct-02 01:44:23 - 
2023-Oct-02 01:44:23 - Page no. 3 fetching..
2023-Oct-02 01:44:23 - ----> Names fetched !
2023-Oct-02 01:44:23 - ----> Prices fetched !
2023-Oct-02 01:44:23 - ----> Links fetched !
2023-Oct-02 01:44:23 - 
2023-Oct-02 01:44:23 - Page no. 4 fetching..
2023-Oct-02 01:44:23 - ----> Names fetched !
2023-Oct-02 01:44:23 - ----> Prices fetched !
2023-Oct-02 01:44:23 - ----> Links fetched !
2023-Oct-02 01:44:23 - 
2023-Oct-02 01:44:23 - Page no. 5 fetching..
2023-Oct-02 01:44:23 - ----> Names fetched !
2023-Oct-02 01:44:23 - ----> Prices fetched !
2023-Oct-02 01:44:23 - ----> Links fetched !
2023-Oct-02 01:44:23 - 
2023-Oct-02 01:44:23 - Page no. 6 fetching..
2023-Oct-02 01:44:23 - ----> Names fetched !
2023-Oct-02 01:44:23 - ----> Prices fetched !
2023-Oct-02 01:44:23 - ----> Links fetched !
2023-Oct-02 01:44:23 - 
2023-Oct-02 01:44:23 - 
****************************************************************************************************************************

2023-Oct-02 01:44:23 - Fetching from https://superpetmo.com/product-category/cats/ finshed ! 120 rows fetched. Time used: 0.42079058405943215
2023-Oct-02 01:44:23 - 
****************************************************************************************************************************

