2023-Oct-01 23:53:34 - 
****************************************************************************************************************************

2023-Oct-01 23:53:34 - Fetching from https://superpetmo.com/product-category/cats/ starting
2023-Oct-01 23:53:34 - 
****************************************************************************************************************************

2023-Oct-01 23:53:34 - Number of pages to be fetched: 6
2023-Oct-01 23:53:34 - 
2023-Oct-01 23:53:34 - Page no. 1 fetching..
2023-Oct-01 23:53:34 - ----> Names fetched !
2023-Oct-01 23:53:34 - ----> Prices fetched !
2023-Oct-01 23:53:34 - ----> Links fetched !
2023-Oct-01 23:53:34 - 
2023-Oct-01 23:53:34 - Page no. 2 fetching..
2023-Oct-01 23:53:34 - ----> Names fetched !
2023-Oct-01 23:53:34 - ----> Prices fetched !
2023-Oct-01 23:53:34 - ----> Links fetched !
2023-Oct-01 23:53:34 - 
2023-Oct-01 23:53:34 - Page no. 3 fetching..
2023-Oct-01 23:53:34 - ----> Names fetched !
2023-Oct-01 23:53:34 - ----> Prices fetched !
2023-Oct-01 23:53:34 - ----> Links fetched !
2023-Oct-01 23:53:34 - 
2023-Oct-01 23:53:34 - Page no. 4 fetching..
2023-Oct-01 23:53:34 - ----> Names fetched !
2023-Oct-01 23:53:34 - ----> Prices fetched !
2023-Oct-01 23:53:34 - ----> Links fetched !
2023-Oct-01 23:53:34 - 
2023-Oct-01 23:53:34 - Page no. 5 fetching..
2023-Oct-01 23:53:34 - ----> Names fetched !
2023-Oct-01 23:53:34 - ----> Prices fetched !
2023-Oct-01 23:53:34 - ----> Links fetched !
2023-Oct-01 23:53:34 - 
2023-Oct-01 23:53:34 - Page no. 6 fetching..
2023-Oct-01 23:53:34 - ----> Names fetched !
2023-Oct-01 23:53:34 - ----> Prices fetched !
2023-Oct-01 23:53:34 - ----> Links fetched !
2023-Oct-01 23:53:34 - 
2023-Oct-01 23:53:34 - 
****************************************************************************************************************************

2023-Oct-01 23:53:34 - Fetching from https://superpetmo.com/product-category/cats/ finshed ! 120 rows fetched. Time used: 0.4596380420261994
2023-Oct-01 23:53:34 - 
****************************************************************************************************************************

